
19-02-07 20:38:42 [-] LockHandler on alexey(account 1): access type 'examine' changed from 'examine:perm(Admin)' to 'examine:perm(Admin)' 
LockHandler on alexey(account 1): access type 'edit' changed from 'edit:perm(Admin)' to 'edit:perm(Admin)' 
LockHandler on alexey(account 1): access type 'delete' changed from 'delete:perm(Admin)' to 'delete:perm(Admin)' 
LockHandler on alexey(account 1): access type 'boot' changed from 'boot:perm(Admin)' to 'boot:perm(Admin)' 
LockHandler on alexey(account 1): access type 'msg' changed from 'msg:all()' to 'msg:all()' 
LockHandler on alexey(account 1): access type 'noidletimeout' changed from 'noidletimeout:perm(Builder) or perm(noidletimeout)' to 'noidletimeout:perm(Builder) or perm(noidletimeout)'
19-02-07 20:38:42 [-] LockHandler on alexey(account 1): access type 'examine' changed from 'examine:perm(Admin)' to 'examine:perm(Developer)' 
LockHandler on alexey(account 1): access type 'edit' changed from 'edit:perm(Admin)' to 'edit:false()' 
LockHandler on alexey(account 1): access type 'delete' changed from 'delete:perm(Admin)' to 'delete:false()' 
LockHandler on alexey(account 1): access type 'boot' changed from 'boot:perm(Admin)' to 'boot:false()' 
LockHandler on alexey(account 1): access type 'msg' changed from 'msg:all()' to 'msg:all()'
19-02-07 20:38:42 [-] LockHandler on alexey: access type 'get' changed from 'get:all()' to 'get:false()' 
LockHandler on alexey: access type 'call' changed from 'call:true()' to 'call:false()'
19-02-07 20:38:42 [-] LockHandler on alexey: access type 'examine' changed from 'examine:perm(Builder)' to 'examine:perm(Developer)' 
LockHandler on alexey: access type 'edit' changed from 'edit:perm(Admin)' to 'edit:false()' 
LockHandler on alexey: access type 'delete' changed from 'delete:perm(Admin)' to 'delete:false()' 
LockHandler on alexey: access type 'puppet' changed from 'puppet:pperm(Developer)' to 'puppet:false()'
19-02-07 20:38:42 [-] LockHandler on Limbo: access type 'get' changed from 'get:all()' to 'get:false()' 
LockHandler on Limbo: access type 'puppet' changed from 'puppet:pperm(Developer)' to 'puppet:false()'
19-02-07 20:38:42 [-] LockHandler on Channel 'Public' (None): access type 'control' changed from 'control:perm(Admin)' to 'control:perm(Admin)' 
LockHandler on Channel 'Public' (None): access type 'listen' changed from 'listen:all()' to 'listen:all()' 
LockHandler on Channel 'Public' (None): access type 'send' changed from 'send:all()' to 'send:all()'
19-02-07 20:38:42 [-] LockHandler on Channel 'MudInfo' (None): access type 'control' changed from 'control:perm(Admin)' to 'control:perm(Developer)' 
LockHandler on Channel 'MudInfo' (None): access type 'listen' changed from 'listen:all()' to 'listen:perm(Admin)' 
LockHandler on Channel 'MudInfo' (None): access type 'send' changed from 'send:all()' to 'send:false()'
19-02-15 00:35:54 [-] LockHandler on a merchant: access type 'get' changed from 'get:all()' to 'get:false()' 
LockHandler on a merchant: access type 'call' changed from 'call:true()' to 'call:false()'
19-02-15 00:35:54 [-] LockHandler on a merchant: access type 'puppet' changed from 'puppet:pperm(Developer)' to 'puppet:id(3) or pid(1) or perm(Developer) or pperm(Developer)'
19-02-15 00:37:04 [-] LockHandler on Channel 'everror' (None): access type 'control' changed from 'control:perm(Admin)' to 'control:false()' 
LockHandler on Channel 'everror' (None): access type 'listen' changed from 'listen:all()' to 'listen:perm(Builders)' 
LockHandler on Channel 'everror' (None): access type 'send' changed from 'send:all()' to 'send:false()'
19-02-15 00:47:50 [-] LockHandler on server daemon: access type 'get' changed from 'get:all()' to 'get:false()' 
LockHandler on server daemon: access type 'call' changed from 'call:true()' to 'call:false()'
19-02-15 00:47:50 [-] LockHandler on server daemon: access type 'puppet' changed from 'puppet:pperm(Developer)' to 'puppet:id(4) or pid(1) or perm(Developer) or pperm(Developer)'
19-02-15 21:54:04 [-] LockHandler on server daemon: access type 'get' changed from 'get:false()' to 'get:false()'
19-02-15 21:55:18 [-] LockHandler on button: access type 'control' changed from 'control:perm(Developer)' to 'control:id(1) or perm(Admin)' 
LockHandler on button: access type 'delete' changed from 'delete:perm(Admin)' to 'delete:id(1) or perm(Admin)'
19-02-15 22:04:21 [-] LockHandler on house: access type 'get' changed from 'get:all()' to 'get:false()' 
LockHandler on house: access type 'puppet' changed from 'puppet:pperm(Developer)' to 'puppet:false()'
19-02-15 22:04:21 [-] LockHandler on house: access type 'control' changed from 'control:perm(Developer)' to 'control:id(1) or perm(Admin)' 
LockHandler on house: access type 'delete' changed from 'delete:perm(Admin)' to ' delete:id(1) or perm(Admin)' 
LockHandler on house: access type 'edit' changed from 'edit:perm(Admin)' to ' edit:id(1) or perm(Admin)'
19-02-15 22:04:21 [-] LockHandler on large blue door: access type 'puppet' changed from 'puppet:pperm(Developer)' to 'puppet:false()' 
LockHandler on large blue door: access type 'get' changed from 'get:all()' to 'get:false()'
19-02-15 22:04:21 [-] LockHandler on large blue door: access type 'control' changed from 'control:perm(Developer)' to 'control:id(1) or perm(Admin)' 
LockHandler on large blue door: access type 'delete' changed from 'delete:perm(Admin)' to ' delete:id(1) or perm(Admin)' 
LockHandler on large blue door: access type 'edit' changed from 'edit:perm(Admin)' to ' edit:id(1) or perm(Admin)'
19-02-15 22:04:21 [-] LockHandler on to limbo: access type 'puppet' changed from 'puppet:pperm(Developer)' to 'puppet:false()' 
LockHandler on to limbo: access type 'get' changed from 'get:all()' to 'get:false()'
19-02-15 22:04:21 [-] LockHandler on to limbo: access type 'control' changed from 'control:perm(Developer)' to 'control:id(1) or perm(Admin)' 
LockHandler on to limbo: access type 'delete' changed from 'delete:perm(Admin)' to ' delete:id(1) or perm(Admin)' 
LockHandler on to limbo: access type 'edit' changed from 'edit:perm(Admin)' to ' edit:id(1) or perm(Admin)'
19-02-24 19:50:35 [-] LockHandler on neon light: access type 'edit' changed from 'edit:perm(Admin)' to 'edit:none()'